#
# There is insufficient memory for the Java Runtime Environment to continue.
# Native memory allocation (malloc) failed to allocate 1469456 bytes. Error detail: Chunk::new
# Possible reasons:
#   The system is out of physical RAM or swap space
#   This process is running with CompressedOops enabled, and the Java Heap may be blocking the growth of the native heap
# Possible solutions:
#   Reduce memory load on the system
#   Increase physical memory or swap space
#   Check if swap backing store is full
#   Decrease Java heap size (-Xmx/-Xms)
#   Decrease number of Java threads
#   Decrease Java thread stack sizes (-Xss)
#   Set larger code cache with -XX:ReservedCodeCacheSize=
#   JVM is running with Unscaled Compressed Oops mode in which the Java heap is
#     placed in the first 4GB address space. The Java Heap base address is the
#     maximum limit for the native heap growth. Please use -XX:HeapBaseMinAddress
#     to set the Java Heap base and to place the Java Heap above 4GB virtual address.
# This output file may be truncated or incomplete.
#
#  Out of Memory Error (arena.cpp:168), pid=8776, tid=9012
#
# JRE version: OpenJDK Runtime Environment Corretto-21.0.4.7.1 (21.0.4+7) (build 21.0.4+7-LTS)
# Java VM: OpenJDK 64-Bit Server VM Corretto-21.0.4.7.1 (21.0.4+7-LTS, mixed mode, sharing, tiered, compressed oops, compressed class ptrs, g1 gc, windows-amd64)
# Core dump will be written. Default location: C:\Users\Administrador\Downloads\discografia\discografia\hs_err_pid8776.mdmp
#

---------------  S U M M A R Y ------------

Command Line: -ea -XX:+ShowCodeDetailsInExceptionMessages -Dfile.encoding=UTF-8 org.eclipse.jdt.internal.junit.runner.RemoteTestRunner -version 3 -port 50697 -testLoaderClass org.eclipse.jdt.internal.junit5.runner.JUnit5TestLoader -loaderpluginname org.eclipse.jdt.junit5.runtime -testNameFile C:\Users\ADMINI~1\AppData\Local\Temp\testNames4196493191598902989.txt

Host: Intel(R) Core(TM) i5-5200U CPU @ 2.20GHz, 2 cores, 2G,  Windows Server 2022 , 64 bit Build 20348 (10.0.20348.469)
Time: Mon Nov  4 11:04:17 2024 Hora estándar de Venezuela elapsed time: 27.085490 seconds (0d 0h 0m 27s)

---------------  T H R E A D  ---------------

Current thread (0x00000202a3a901c0):  JavaThread "C2 CompilerThread0" daemon [_thread_in_native, id=9012, stack(0x000000c666500000,0x000000c666600000) (1024K)]


Current CompileTask:
C2:  27085 2604   !   4       jdk.internal.loader.BuiltinClassLoader::loadClassOrNull (143 bytes)

Stack: [0x000000c666500000,0x000000c666600000]
Native frames: (J=compiled Java code, j=interpreted, Vv=VM code, C=native code)
V  [jvm.dll+0x6d83d9]
V  [jvm.dll+0x8b39f3]
V  [jvm.dll+0x8b5d4e]
V  [jvm.dll+0x8b6433]
V  [jvm.dll+0x285816]
V  [jvm.dll+0xc608d]
V  [jvm.dll+0xc65c3]
V  [jvm.dll+0x3bf061]
V  [jvm.dll+0x1e48c4]
V  [jvm.dll+0x24de04]
V  [jvm.dll+0x24d281]
V  [jvm.dll+0x1cbda4]
V  [jvm.dll+0x25c819]
V  [jvm.dll+0x25adcb]
V  [jvm.dll+0x3f9936]
V  [jvm.dll+0x85c768]
V  [jvm.dll+0x6d6bdd]
C  [ucrtbase.dll+0x26b4c]
C  [KERNEL32.DLL+0x14ed0]
C  [ntdll.dll+0x7e39b]


---------------  P R O C E S S  ---------------

Threads class SMR info:
_java_thread_list=0x00000202e9e6d6e0, length=13, elements={
0x00000202873d0080, 0x0000020289616d30, 0x000002028961a0c0, 0x000002028961d3b0,
0x00000202a3a8df70, 0x00000202a3a8e9d0, 0x00000202a3a8f430, 0x00000202a3a901c0,
0x00000202a3a92000, 0x00000202a3b2ec70, 0x00000202a3b2f4a0, 0x00000202e94db370,
0x00000202ea2f39b0
}

Java Threads: ( => current thread )
  0x00000202873d0080 JavaThread "main"                              [_thread_in_vm, id=6372, stack(0x000000c665700000,0x000000c665800000) (1024K)]
  0x0000020289616d30 JavaThread "Reference Handler"          daemon [_thread_blocked, id=9092, stack(0x000000c665f00000,0x000000c666000000) (1024K)]
  0x000002028961a0c0 JavaThread "Finalizer"                  daemon [_thread_blocked, id=8772, stack(0x000000c666000000,0x000000c666100000) (1024K)]
  0x000002028961d3b0 JavaThread "Signal Dispatcher"          daemon [_thread_blocked, id=8944, stack(0x000000c666100000,0x000000c666200000) (1024K)]
  0x00000202a3a8df70 JavaThread "Attach Listener"            daemon [_thread_blocked, id=6572, stack(0x000000c666200000,0x000000c666300000) (1024K)]
  0x00000202a3a8e9d0 JavaThread "Service Thread"             daemon [_thread_blocked, id=8664, stack(0x000000c666300000,0x000000c666400000) (1024K)]
  0x00000202a3a8f430 JavaThread "Monitor Deflation Thread"   daemon [_thread_blocked, id=2252, stack(0x000000c666400000,0x000000c666500000) (1024K)]
=>0x00000202a3a901c0 JavaThread "C2 CompilerThread0"         daemon [_thread_in_native, id=9012, stack(0x000000c666500000,0x000000c666600000) (1024K)]
  0x00000202a3a92000 JavaThread "C1 CompilerThread0"         daemon [_thread_blocked, id=2224, stack(0x000000c666600000,0x000000c666700000) (1024K)]
  0x00000202a3b2ec70 JavaThread "Notification Thread"        daemon [_thread_blocked, id=8404, stack(0x000000c666700000,0x000000c666800000) (1024K)]
  0x00000202a3b2f4a0 JavaThread "Common-Cleaner"             daemon [_thread_blocked, id=1472, stack(0x000000c666800000,0x000000c666900000) (1024K)]
  0x00000202e94db370 JavaThread "ReaderThread"                      [_thread_in_native, id=380, stack(0x000000c666a00000,0x000000c666b00000) (1024K)]
  0x00000202ea2f39b0 JavaThread "background-preinit"                [_thread_blocked, id=5464, stack(0x000000c666b00000,0x000000c666c00000) (1024K)]
Total: 13

Other Threads:
  0x00000202895f5840 VMThread "VM Thread"                           [id=8524, stack(0x000000c665e00000,0x000000c665f00000) (1024K)]
  0x00000202895dea50 WatcherThread "VM Periodic Task Thread"        [id=4424, stack(0x000000c665d00000,0x000000c665e00000) (1024K)]
  0x0000020289589770 WorkerThread "GC Thread#0"                     [id=8828, stack(0x000000c665800000,0x000000c665900000) (1024K)]
  0x00000202e93fc460 WorkerThread "GC Thread#1"                     [id=3236, stack(0x000000c666900000,0x000000c666a00000) (1024K)]
  0x000002028958ff90 ConcurrentGCThread "G1 Main Marker"            [id=8616, stack(0x000000c665900000,0x000000c665a00000) (1024K)]
  0x0000020289590c40 WorkerThread "G1 Conc#0"                       [id=7948, stack(0x000000c665a00000,0x000000c665b00000) (1024K)]
  0x00000202895cd160 ConcurrentGCThread "G1 Refine#0"               [id=2560, stack(0x000000c665b00000,0x000000c665c00000) (1024K)]
  0x00000202895cee90 ConcurrentGCThread "G1 Service"                [id=3280, stack(0x000000c665c00000,0x000000c665d00000) (1024K)]
Total: 8

Threads with active compile tasks:
C2 CompilerThread0    27169 2604   !   4       jdk.internal.loader.BuiltinClassLoader::loadClassOrNull (143 bytes)
Total: 1

VM state: not at safepoint (normal execution)

VM Mutex/Monitor currently owned by a thread:  ([mutex/lock_event])
[0x00007ffbea494e28] MethodCompileQueue_lock - owner thread: 0x00000202873d0080

Heap address: 0x00000000d3e00000, size: 706 MB, Compressed Oops mode: 32-bit

CDS archive(s) mapped at: [0x00000202a4000000-0x00000202a4c90000-0x00000202a4c90000), size 13172736, SharedBaseAddress: 0x00000202a4000000, ArchiveRelocationMode: 1.
Compressed class space mapped at: 0x00000202a5000000-0x00000202e5000000, reserved size: 1073741824
Narrow klass base: 0x00000202a4000000, Narrow klass shift: 0, Narrow klass range: 0x100000000

GC Precious Log:
 CardTable entry size: 512
 Card Set container configuration: InlinePtr #cards 5 size 8 Array Of Cards #cards 12 size 40 Howl #buckets 4 coarsen threshold 1843 Howl Bitmap #cards 512 size 80 coarsen threshold 460 Card regions per heap region 1 cards per card region 2048
 CPUs: 2 total, 2 available
 Memory: 2820M
 Large Page Support: Disabled
 NUMA Support: Disabled
 Compressed Oops: Enabled (32-bit)
 Heap Region Size: 1M
 Heap Min Capacity: 8M
 Heap Initial Capacity: 46M
 Heap Max Capacity: 706M
 Pre-touch: Disabled
 Parallel Workers: 2
 Concurrent Workers: 1
 Concurrent Refinement Workers: 2
 Periodic GC: Disabled

Heap:
 garbage-first heap   total 47104K, used 25433K [0x00000000d3e00000, 0x0000000100000000)
  region size 1024K, 20 young (20480K), 2 survivors (2048K)
 Metaspace       used 19858K, committed 20160K, reserved 1114112K
  class space    used 2497K, committed 2624K, reserved 1048576K

Heap Regions: E=young(eden), S=young(survivor), O=old, HS=humongous(starts), HC=humongous(continues), CS=collection set, F=free, TAMS=top-at-mark-start, PB=parsable bottom
|   0|0x00000000d3e00000, 0x00000000d3f00000, 0x00000000d3f00000|100%| O|  |TAMS 0x00000000d3e00000| PB 0x00000000d3e00000| Untracked 
|   1|0x00000000d3f00000, 0x00000000d4000000, 0x00000000d4000000|100%| O|  |TAMS 0x00000000d3f00000| PB 0x00000000d3f00000| Untracked 
|   2|0x00000000d4000000, 0x00000000d4100000, 0x00000000d4100000|100%| O|  |TAMS 0x00000000d4000000| PB 0x00000000d4000000| Untracked 
|   3|0x00000000d4100000, 0x00000000d4200000, 0x00000000d4200000|100%| O|  |TAMS 0x00000000d4100000| PB 0x00000000d4100000| Untracked 
|   4|0x00000000d4200000, 0x00000000d4300000, 0x00000000d4300000|100%| O|  |TAMS 0x00000000d4200000| PB 0x00000000d4200000| Untracked 
|   5|0x00000000d4300000, 0x00000000d4400000, 0x00000000d4400000|100%| O|  |TAMS 0x00000000d4300000| PB 0x00000000d4300000| Untracked 
|   6|0x00000000d4400000, 0x00000000d4500000, 0x00000000d4500000|100%| O|  |TAMS 0x00000000d4400000| PB 0x00000000d4400000| Untracked 
|   7|0x00000000d4500000, 0x00000000d4554800, 0x00000000d4600000| 33%| O|  |TAMS 0x00000000d4500000| PB 0x00000000d4500000| Untracked 
|   8|0x00000000d4600000, 0x00000000d4600000, 0x00000000d4700000|  0%| F|  |TAMS 0x00000000d4600000| PB 0x00000000d4600000| Untracked 
|   9|0x00000000d4700000, 0x00000000d4700000, 0x00000000d4800000|  0%| F|  |TAMS 0x00000000d4700000| PB 0x00000000d4700000| Untracked 
|  10|0x00000000d4800000, 0x00000000d4800000, 0x00000000d4900000|  0%| F|  |TAMS 0x00000000d4800000| PB 0x00000000d4800000| Untracked 
|  11|0x00000000d4900000, 0x00000000d4900000, 0x00000000d4a00000|  0%| F|  |TAMS 0x00000000d4900000| PB 0x00000000d4900000| Untracked 
|  12|0x00000000d4a00000, 0x00000000d4a00000, 0x00000000d4b00000|  0%| F|  |TAMS 0x00000000d4a00000| PB 0x00000000d4a00000| Untracked 
|  13|0x00000000d4b00000, 0x00000000d4b00000, 0x00000000d4c00000|  0%| F|  |TAMS 0x00000000d4b00000| PB 0x00000000d4b00000| Untracked 
|  14|0x00000000d4c00000, 0x00000000d4c00000, 0x00000000d4d00000|  0%| F|  |TAMS 0x00000000d4c00000| PB 0x00000000d4c00000| Untracked 
|  15|0x00000000d4d00000, 0x00000000d4d00000, 0x00000000d4e00000|  0%| F|  |TAMS 0x00000000d4d00000| PB 0x00000000d4d00000| Untracked 
|  16|0x00000000d4e00000, 0x00000000d4e00000, 0x00000000d4f00000|  0%| F|  |TAMS 0x00000000d4e00000| PB 0x00000000d4e00000| Untracked 
|  17|0x00000000d4f00000, 0x00000000d4f00000, 0x00000000d5000000|  0%| F|  |TAMS 0x00000000d4f00000| PB 0x00000000d4f00000| Untracked 
|  18|0x00000000d5000000, 0x00000000d5000000, 0x00000000d5100000|  0%| F|  |TAMS 0x00000000d5000000| PB 0x00000000d5000000| Untracked 
|  19|0x00000000d5100000, 0x00000000d5100000, 0x00000000d5200000|  0%| F|  |TAMS 0x00000000d5100000| PB 0x00000000d5100000| Untracked 
|  20|0x00000000d5200000, 0x00000000d5200000, 0x00000000d5300000|  0%| F|  |TAMS 0x00000000d5200000| PB 0x00000000d5200000| Untracked 
|  21|0x00000000d5300000, 0x00000000d5381e40, 0x00000000d5400000| 50%| S|CS|TAMS 0x00000000d5300000| PB 0x00000000d5300000| Complete 
|  22|0x00000000d5400000, 0x00000000d5500000, 0x00000000d5500000|100%| S|CS|TAMS 0x00000000d5400000| PB 0x00000000d5400000| Complete 
|  23|0x00000000d5500000, 0x00000000d5500000, 0x00000000d5600000|  0%| F|  |TAMS 0x00000000d5500000| PB 0x00000000d5500000| Untracked 
|  24|0x00000000d5600000, 0x00000000d5600000, 0x00000000d5700000|  0%| F|  |TAMS 0x00000000d5600000| PB 0x00000000d5600000| Untracked 
|  25|0x00000000d5700000, 0x00000000d5700000, 0x00000000d5800000|  0%| F|  |TAMS 0x00000000d5700000| PB 0x00000000d5700000| Untracked 
|  26|0x00000000d5800000, 0x00000000d5800000, 0x00000000d5900000|  0%| F|  |TAMS 0x00000000d5800000| PB 0x00000000d5800000| Untracked 
|  27|0x00000000d5900000, 0x00000000d5900000, 0x00000000d5a00000|  0%| F|  |TAMS 0x00000000d5900000| PB 0x00000000d5900000| Untracked 
|  28|0x00000000d5a00000, 0x00000000d5aa3d78, 0x00000000d5b00000| 64%| E|  |TAMS 0x00000000d5a00000| PB 0x00000000d5a00000| Complete 
|  29|0x00000000d5b00000, 0x00000000d5c00000, 0x00000000d5c00000|100%| E|CS|TAMS 0x00000000d5b00000| PB 0x00000000d5b00000| Complete 
|  30|0x00000000d5c00000, 0x00000000d5d00000, 0x00000000d5d00000|100%| E|CS|TAMS 0x00000000d5c00000| PB 0x00000000d5c00000| Complete 
|  31|0x00000000d5d00000, 0x00000000d5e00000, 0x00000000d5e00000|100%| E|CS|TAMS 0x00000000d5d00000| PB 0x00000000d5d00000| Complete 
|  32|0x00000000d5e00000, 0x00000000d5f00000, 0x00000000d5f00000|100%| E|CS|TAMS 0x00000000d5e00000| PB 0x00000000d5e00000| Complete 
|  33|0x00000000d5f00000, 0x00000000d6000000, 0x00000000d6000000|100%| E|CS|TAMS 0x00000000d5f00000| PB 0x00000000d5f00000| Complete 
|  34|0x00000000d6000000, 0x00000000d6100000, 0x00000000d6100000|100%| E|CS|TAMS 0x00000000d6000000| PB 0x00000000d6000000| Complete 
|  35|0x00000000d6100000, 0x00000000d6200000, 0x00000000d6200000|100%| E|CS|TAMS 0x00000000d6100000| PB 0x00000000d6100000| Complete 
|  36|0x00000000d6200000, 0x00000000d6300000, 0x00000000d6300000|100%| E|CS|TAMS 0x00000000d6200000| PB 0x00000000d6200000| Complete 
|  37|0x00000000d6300000, 0x00000000d6400000, 0x00000000d6400000|100%| E|CS|TAMS 0x00000000d6300000| PB 0x00000000d6300000| Complete 
|  38|0x00000000d6400000, 0x00000000d6500000, 0x00000000d6500000|100%| E|CS|TAMS 0x00000000d6400000| PB 0x00000000d6400000| Complete 
|  39|0x00000000d6500000, 0x00000000d6600000, 0x00000000d6600000|100%| E|CS|TAMS 0x00000000d6500000| PB 0x00000000d6500000| Complete 
|  40|0x00000000d6600000, 0x00000000d6700000, 0x00000000d6700000|100%| E|CS|TAMS 0x00000000d6600000| PB 0x00000000d6600000| Complete 
|  41|0x00000000d6700000, 0x00000000d6800000, 0x00000000d6800000|100%| E|CS|TAMS 0x00000000d6700000| PB 0x00000000d6700000| Complete 
|  42|0x00000000d6800000, 0x00000000d6900000, 0x00000000d6900000|100%| E|CS|TAMS 0x00000000d6800000| PB 0x00000000d6800000| Complete 
|  43|0x00000000d6900000, 0x00000000d6a00000, 0x00000000d6a00000|100%| E|CS|TAMS 0x00000000d6900000| PB 0x00000000d6900000| Complete 
|  44|0x00000000d6a00000, 0x00000000d6b00000, 0x00000000d6b00000|100%| E|CS|TAMS 0x00000000d6a00000| PB 0x00000000d6a00000| Complete 
|  45|0x00000000d6b00000, 0x00000000d6c00000, 0x00000000d6c00000|100%| E|  |TAMS 0x00000000d6b00000| PB 0x00000000d6b00000| Complete 

Card table byte_map: [0x00000202892c0000,0x0000020289430000] _byte_map_base: 0x0000020288c21000

Marking Bits: (CMBitMap*) 0x0000020289589e70
 Bits: [0x00000202a0c40000, 0x00000202a1748000)

Polling page: 0x0000020288d20000

Metaspace:

Usage:
  Non-class:     16.96 MB used.
      Class:      2.44 MB used.
       Both:     19.39 MB used.

Virtual space:
  Non-class space:       64.00 MB reserved,      17.12 MB ( 27%) committed,  1 nodes.
      Class space:        1.00 GB reserved,       2.56 MB ( <1%) committed,  1 nodes.
             Both:        1.06 GB reserved,      19.69 MB (  2%) committed. 

Chunk freelists:
   Non-Class:  14.67 MB
       Class:  13.44 MB
        Both:  28.11 MB

MaxMetaspaceSize: unlimited
CompressedClassSpaceSize: 1.00 GB
Initial GC threshold: 21.00 MB
Current GC threshold: 21.00 MB
CDS: on
 - commit_granule_bytes: 65536.
 - commit_granule_words: 8192.
 - virtual_space_node_default_size: 8388608.
 - enlarge_chunks_in_place: 1.
 - use_allocation_guard: 0.


Internal statistics:

num_allocs_failed_limit: 0.
num_arena_births: 284.
num_arena_deaths: 0.
num_vsnodes_births: 2.
num_vsnodes_deaths: 0.
num_space_committed: 315.
num_space_uncommitted: 0.
num_chunks_returned_to_freelist: 0.
num_chunks_taken_from_freelist: 984.
num_chunk_merges: 0.
num_chunk_splits: 644.
num_chunks_enlarged: 470.
num_inconsistent_stats: 0.

CodeHeap 'non-profiled nmethods': size=120064Kb used=1135Kb max_used=1135Kb free=118929Kb
 bounds [0x0000020299700000, 0x0000020299970000, 0x00000202a0c40000]
CodeHeap 'profiled nmethods': size=120000Kb used=5201Kb max_used=5201Kb free=114798Kb
 bounds [0x0000020291c40000, 0x0000020292160000, 0x0000020299170000]
CodeHeap 'non-nmethods': size=5696Kb used=1431Kb max_used=1452Kb free=4264Kb
 bounds [0x0000020299170000, 0x00000202993e0000, 0x0000020299700000]
 total_blobs=3142 nmethods=2623 adapters=423
 compilation: enabled
              stopped_count=0, restarted_count=0
 full_count=0

Compilation events (20 events):
Event: 26.763 Thread 0x00000202a3a92000 2616       3       org.springframework.asm.ClassReader::<init> (359 bytes)
Event: 26.765 Thread 0x00000202a3a92000 nmethod 2616 0x000002029214c990 code [0x000002029214cc20, 0x000002029214db88]
Event: 26.765 Thread 0x00000202a3a92000 2617       3       org.springframework.core.type.classreading.SimpleMethodMetadataReadingVisitor::visitEnd (56 bytes)
Event: 26.766 Thread 0x00000202a3a92000 nmethod 2617 0x000002029214df90 code [0x000002029214e200, 0x000002029214eb50]
Event: 26.770 Thread 0x00000202a3a92000 2621       3       org.apache.commons.logging.LogAdapter$Slf4jAdapter::createLocationAwareLog (37 bytes)
Event: 26.770 Thread 0x00000202a3a92000 nmethod 2621 0x000002029214ef10 code [0x000002029214f160, 0x000002029214fc20]
Event: 26.774 Thread 0x00000202a3a92000 2622       3       org.springframework.core.type.StandardClassMetadata::getClassName (8 bytes)
Event: 26.774 Thread 0x00000202a3a92000 nmethod 2622 0x000002029214ff10 code [0x00000202921500c0, 0x00000202921502b8]
Event: 26.774 Thread 0x00000202a3a92000 2623       3       org.springframework.core.annotation.MergedAnnotation$Adapt::isIn (36 bytes)
Event: 26.774 Thread 0x00000202a3a92000 nmethod 2623 0x0000020292150390 code [0x0000020292150540, 0x0000020292150770]
Event: 26.775 Thread 0x00000202a3a92000 2624       3       java.util.stream.ReduceOps::makeRef (42 bytes)
Event: 26.775 Thread 0x00000202a3a92000 nmethod 2624 0x0000020292150890 code [0x0000020292150aa0, 0x0000020292151258]
Event: 26.776 Thread 0x00000202a3a92000 2625       3       java.util.stream.ReduceOps$3::makeSink (20 bytes)
Event: 26.776 Thread 0x00000202a3a92000 nmethod 2625 0x0000020292151510 code [0x00000202921516c0, 0x0000020292151a60]
Event: 26.782 Thread 0x00000202a3a92000 2626       3       org.springframework.asm.ClassReader::getFirstAttributeOffset (136 bytes)
Event: 26.782 Thread 0x00000202a3a92000 nmethod 2626 0x0000020292151b90 code [0x0000020292151de0, 0x0000020292152480]
Event: 26.786 Thread 0x00000202a3a92000 2627       3       org.springframework.core.annotation.TypeMappedAnnotation::getTypeForMapOptions (57 bytes)
Event: 26.787 Thread 0x00000202a3a92000 nmethod 2627 0x0000020292152710 code [0x0000020292152920, 0x0000020292152d70]
Event: 26.787 Thread 0x00000202a3a92000 2628       3       org.springframework.core.annotation.TypeMappedAnnotation::adaptValueForMapOptions (174 bytes)
Event: 26.788 Thread 0x00000202a3a92000 nmethod 2628 0x0000020292152f10 code [0x0000020292153200, 0x00000202921541c0]

GC Heap History (10 events):
Event: 5.409 GC heap before
{Heap before GC invocations=0 (full 0):
 garbage-first heap   total 47104K, used 5120K [0x00000000d3e00000, 0x0000000100000000)
  region size 1024K, 6 young (6144K), 0 survivors (0K)
 Metaspace       used 509K, committed 640K, reserved 1114112K
  class space    used 33K, committed 128K, reserved 1048576K
}
Event: 5.751 GC heap after
{Heap after GC invocations=1 (full 0):
 garbage-first heap   total 47104K, used 4176K [0x00000000d3e00000, 0x0000000100000000)
  region size 1024K, 1 young (1024K), 1 survivors (1024K)
 Metaspace       used 509K, committed 640K, reserved 1114112K
  class space    used 33K, committed 128K, reserved 1048576K
}
Event: 7.557 GC heap before
{Heap before GC invocations=1 (full 0):
 garbage-first heap   total 47104K, used 7248K [0x00000000d3e00000, 0x0000000100000000)
  region size 1024K, 4 young (4096K), 1 survivors (1024K)
 Metaspace       used 1813K, committed 1984K, reserved 1114112K
  class space    used 170K, committed 256K, reserved 1048576K
}
Event: 7.563 GC heap after
{Heap after GC invocations=2 (full 0):
 garbage-first heap   total 47104K, used 4591K [0x00000000d3e00000, 0x0000000100000000)
  region size 1024K, 1 young (1024K), 1 survivors (1024K)
 Metaspace       used 1813K, committed 1984K, reserved 1114112K
  class space    used 170K, committed 256K, reserved 1048576K
}
Event: 9.831 GC heap before
{Heap before GC invocations=2 (full 0):
 garbage-first heap   total 47104K, used 11759K [0x00000000d3e00000, 0x0000000100000000)
  region size 1024K, 9 young (9216K), 1 survivors (1024K)
 Metaspace       used 4129K, committed 4352K, reserved 1114112K
  class space    used 496K, committed 640K, reserved 1048576K
}
Event: 9.836 GC heap after
{Heap after GC invocations=3 (full 0):
 garbage-first heap   total 47104K, used 5134K [0x00000000d3e00000, 0x0000000100000000)
  region size 1024K, 1 young (1024K), 1 survivors (1024K)
 Metaspace       used 4129K, committed 4352K, reserved 1114112K
  class space    used 496K, committed 640K, reserved 1048576K
}
Event: 17.105 GC heap before
{Heap before GC invocations=3 (full 0):
 garbage-first heap   total 47104K, used 30734K [0x00000000d3e00000, 0x0000000100000000)
  region size 1024K, 27 young (27648K), 1 survivors (1024K)
 Metaspace       used 11609K, committed 11840K, reserved 1114112K
  class space    used 1488K, committed 1600K, reserved 1048576K
}
Event: 17.119 GC heap after
{Heap after GC invocations=4 (full 0):
 garbage-first heap   total 47104K, used 7701K [0x00000000d3e00000, 0x0000000100000000)
  region size 1024K, 4 young (4096K), 4 survivors (4096K)
 Metaspace       used 11609K, committed 11840K, reserved 1114112K
  class space    used 1488K, committed 1600K, reserved 1048576K
}
Event: 24.845 GC heap before
{Heap before GC invocations=4 (full 0):
 garbage-first heap   total 47104K, used 30229K [0x00000000d3e00000, 0x0000000100000000)
  region size 1024K, 27 young (27648K), 4 survivors (4096K)
 Metaspace       used 17039K, committed 17408K, reserved 1114112K
  class space    used 2191K, committed 2368K, reserved 1048576K
}
Event: 24.859 GC heap after
{Heap after GC invocations=5 (full 0):
 garbage-first heap   total 47104K, used 9049K [0x00000000d3e00000, 0x0000000100000000)
  region size 1024K, 2 young (2048K), 2 survivors (2048K)
 Metaspace       used 17039K, committed 17408K, reserved 1114112K
  class space    used 2191K, committed 2368K, reserved 1048576K
}

Dll operation events (7 events):
Event: 0.051 Loaded shared library C:\Program Files\Amazon Corretto\jdk21.0.4_7\bin\java.dll
Event: 4.388 Loaded shared library C:\Program Files\Amazon Corretto\jdk21.0.4_7\bin\jsvml.dll
Event: 4.405 Loaded shared library C:\Program Files\Amazon Corretto\jdk21.0.4_7\bin\net.dll
Event: 4.654 Loaded shared library C:\Program Files\Amazon Corretto\jdk21.0.4_7\bin\nio.dll
Event: 4.681 Loaded shared library C:\Program Files\Amazon Corretto\jdk21.0.4_7\bin\zip.dll
Event: 5.815 Loaded shared library C:\Program Files\Amazon Corretto\jdk21.0.4_7\bin\jimage.dll
Event: 5.998 Loaded shared library C:\Program Files\Amazon Corretto\jdk21.0.4_7\bin\extnet.dll

Deoptimization events (20 events):
Event: 25.160 Thread 0x00000202ea2f39b0 DEOPT PACKING pc=0x0000020299752c54 sp=0x000000c666bfd110
Event: 25.160 Thread 0x00000202ea2f39b0 DEOPT UNPACKING pc=0x00000202991c46a2 sp=0x000000c666bfd0a8 mode 2
Event: 26.435 Thread 0x00000202873d0080 Uncommon trap: trap_request=0xffffff45 fr.pc=0x00000202997cf51c relative=0x0000000000000c7c
Event: 26.435 Thread 0x00000202873d0080 Uncommon trap: reason=unstable_if action=reinterpret pc=0x00000202997cf51c method=java.util.jar.JarFile.getVersionedEntry(Ljava/lang/String;Ljava/util/jar/JarEntry;)Ljava/util/jar/JarEntry; @ 26 c2
Event: 26.435 Thread 0x00000202873d0080 DEOPT PACKING pc=0x00000202997cf51c sp=0x000000c6657fb690
Event: 26.435 Thread 0x00000202873d0080 DEOPT UNPACKING pc=0x00000202991c46a2 sp=0x000000c6657fb660 mode 2
Event: 26.557 Thread 0x00000202873d0080 Uncommon trap: trap_request=0xffffffde fr.pc=0x00000202997d04dc relative=0x000000000000037c
Event: 26.558 Thread 0x00000202873d0080 Uncommon trap: reason=class_check action=maybe_recompile pc=0x00000202997d04dc method=java.util.HashMap.getNode(Ljava/lang/Object;)Ljava/util/HashMap$Node; @ 128 c2
Event: 26.558 Thread 0x00000202873d0080 DEOPT PACKING pc=0x00000202997d04dc sp=0x000000c6657fc090
Event: 26.558 Thread 0x00000202873d0080 DEOPT UNPACKING pc=0x00000202991c46a2 sp=0x000000c6657fbfa8 mode 2
Event: 26.587 Thread 0x00000202873d0080 DEOPT PACKING pc=0x0000020291c817a1 sp=0x000000c6657fb530
Event: 26.587 Thread 0x00000202873d0080 DEOPT UNPACKING pc=0x00000202991c4e42 sp=0x000000c6657faa30 mode 0
Event: 26.713 Thread 0x00000202873d0080 Uncommon trap: trap_request=0xffffffde fr.pc=0x00000202997d04dc relative=0x000000000000037c
Event: 26.713 Thread 0x00000202873d0080 Uncommon trap: reason=class_check action=maybe_recompile pc=0x00000202997d04dc method=java.util.HashMap.getNode(Ljava/lang/Object;)Ljava/util/HashMap$Node; @ 128 c2
Event: 26.713 Thread 0x00000202873d0080 DEOPT PACKING pc=0x00000202997d04dc sp=0x000000c6657fbf90
Event: 26.713 Thread 0x00000202873d0080 DEOPT UNPACKING pc=0x00000202991c46a2 sp=0x000000c6657fbea8 mode 2
Event: 26.713 Thread 0x00000202873d0080 Uncommon trap: trap_request=0xffffffde fr.pc=0x00000202997905b8 relative=0x00000000000002d8
Event: 26.713 Thread 0x00000202873d0080 Uncommon trap: reason=class_check action=maybe_recompile pc=0x00000202997905b8 method=java.util.HashMap.getNode(Ljava/lang/Object;)Ljava/util/HashMap$Node; @ 128 c2
Event: 26.714 Thread 0x00000202873d0080 DEOPT PACKING pc=0x00000202997905b8 sp=0x000000c6657fbf30
Event: 26.714 Thread 0x00000202873d0080 DEOPT UNPACKING pc=0x00000202991c46a2 sp=0x000000c6657fbea8 mode 2

Classes loaded (20 events):
Event: 23.051 Loading class jdk/xml/internal/JdkProperty
Event: 23.052 Loading class jdk/xml/internal/JdkProperty done
Event: 23.191 Loading class java/lang/Thread$ThreadNumbering
Event: 23.209 Loading class java/lang/Thread$ThreadNumbering done
Event: 24.947 Loading class javax/naming/ldap/LdapContext
Event: 24.947 Loading class javax/naming/directory/DirContext
Event: 24.947 Loading class javax/naming/directory/DirContext done
Event: 24.947 Loading class javax/naming/ldap/LdapContext done
Event: 24.955 Loading class java/beans/Transient
Event: 24.955 Loading class java/beans/Transient done
Event: 24.955 Loading class java/beans/ConstructorProperties
Event: 24.955 Loading class java/beans/ConstructorProperties done
Event: 24.960 Loading class java/io/InvalidObjectException
Event: 24.970 Loading class java/io/InvalidObjectException done
Event: 25.119 Loading class sun/text/resources/cldr/FormatData_en
Event: 25.142 Loading class sun/text/resources/cldr/FormatData_en done
Event: 25.143 Loading class sun/text/resources/cldr/FormatData_en_US
Event: 25.143 Loading class sun/text/resources/cldr/FormatData_en_US done
Event: 25.213 Loading class java/io/CharArrayReader
Event: 25.219 Loading class java/io/CharArrayReader done

Classes unloaded (0 events):
No events

Classes redefined (0 events):
No events

Internal exceptions (20 events):
Event: 14.861 Thread 0x00000202873d0080 Exception <a 'java/lang/NoSuchMethodError'{0x00000000d557c778}: 'java.lang.Object java.lang.invoke.DirectMethodHandle$Holder.invokeInterface(java.lang.Object, java.lang.Object, java.lang.Object, java.lang.Object, java.lang.Object)'> (0x00000000d557c778) 
thrown [s\src\hotspot\share\interpreter\linkResolver.cpp, line 773]
Event: 14.861 Thread 0x00000202873d0080 Exception <a 'java/lang/IncompatibleClassChangeError'{0x00000000d55802b0}: Found class java.lang.Object, but interface was expected> (0x00000000d55802b0) 
thrown [s\src\hotspot\share\interpreter\linkResolver.cpp, line 840]
Event: 16.077 Thread 0x00000202873d0080 Exception <a 'java/lang/IncompatibleClassChangeError'{0x00000000d52c03c0}: Found class java.lang.Object, but interface was expected> (0x00000000d52c03c0) 
thrown [s\src\hotspot\share\interpreter\linkResolver.cpp, line 840]
Event: 16.122 Thread 0x00000202873d0080 Exception <a 'sun/nio/fs/WindowsException'{0x00000000d5104880}> (0x00000000d5104880) 
thrown [s\src\hotspot\share\prims\jni.cpp, line 520]
Event: 17.325 Thread 0x00000202873d0080 Exception <a 'java/lang/NoSuchMethodError'{0x00000000d6ba11b8}: 'java.lang.Object java.lang.invoke.Invokers$Holder.invokeExact_MT(java.lang.Object, java.lang.Object, java.lang.Object, java.lang.Object, java.lang.Object)'> (0x00000000d6ba11b8) 
thrown [s\src\hotspot\share\interpreter\linkResolver.cpp, line 773]
Event: 17.392 Thread 0x00000202873d0080 Exception <a 'java/lang/NoSuchMethodError'{0x00000000d6bda7c8}: 'java.lang.Object java.lang.invoke.DirectMethodHandle$Holder.invokeSpecial(java.lang.Object, java.lang.Object, java.lang.Object, java.lang.Object, java.lang.Object, java.lang.Object, int)'> (0x00000000d6bda7c8) 
thrown [s\src\hotspot\share\interpreter\linkResolver.cpp, line 773]
Event: 17.393 Thread 0x00000202873d0080 Exception <a 'java/lang/NoSuchMethodError'{0x00000000d6be42f0}: 'java.lang.Object java.lang.invoke.DirectMethodHandle$Holder.newInvokeSpecial(java.lang.Object, java.lang.Object, java.lang.Object, java.lang.Object, java.lang.Object, java.lang.Object, int)'> (0x00000000d6be42f0) 
thrown [s\src\hotspot\share\interpreter\linkResolver.cpp, line 773]
Event: 17.394 Thread 0x00000202873d0080 Exception <a 'java/lang/NoSuchMethodError'{0x00000000d6be8ea0}: 'java.lang.Object java.lang.invoke.DirectMethodHandle$Holder.invokeSpecial(java.lang.Object, java.lang.Object, java.lang.Object, java.lang.Object, java.lang.Object, java.lang.Object, java.lang.Object, int)'> (0x00000000d6be8ea0) 
thrown [s\src\hotspot\share\interpreter\linkResolver.cpp, line 773]
Event: 17.574 Thread 0x00000202873d0080 Exception <a 'java/lang/NoSuchMethodError'{0x00000000d692cf18}: 'void java.lang.invoke.DirectMethodHandle$Holder.invokeStatic(java.lang.Object, java.lang.Object, java.lang.Object, java.lang.Object, java.lang.Object, java.lang.Object)'> (0x00000000d692cf18) 
thrown [s\src\hotspot\share\interpreter\linkResolver.cpp, line 773]
Event: 17.651 Thread 0x00000202873d0080 Exception <a 'java/lang/NoSuchMethodError'{0x00000000d6800c88}: 'java.lang.Object java.lang.invoke.DirectMethodHandle$Holder.invokeSpecial(java.lang.Object, java.lang.Object, java.lang.Object, int, java.lang.Object)'> (0x00000000d6800c88) 
thrown [s\src\hotspot\share\interpreter\linkResolver.cpp, line 773]
Event: 17.651 Thread 0x00000202873d0080 Exception <a 'java/lang/NoSuchMethodError'{0x00000000d6808628}: 'java.lang.Object java.lang.invoke.DirectMethodHandle$Holder.newInvokeSpecial(java.lang.Object, java.lang.Object, java.lang.Object, int, java.lang.Object)'> (0x00000000d6808628) 
thrown [s\src\hotspot\share\interpreter\linkResolver.cpp, line 773]
Event: 18.058 Thread 0x00000202873d0080 Exception <a 'java/lang/NoSuchMethodError'{0x00000000d680fd00}: 'java.lang.Object java.lang.invoke.Invokers$Holder.linkToTargetMethod(java.lang.Object, java.lang.Object, int, java.lang.Object, java.lang.Object)'> (0x00000000d680fd00) 
thrown [s\src\hotspot\share\interpreter\linkResolver.cpp, line 773]
Event: 18.073 Thread 0x00000202873d0080 Exception <a 'java/lang/NoSuchMethodError'{0x00000000d681e668}: 'java.lang.Object java.lang.invoke.DirectMethodHandle$Holder.newInvokeSpecial(java.lang.Object, int, java.lang.Object)'> (0x00000000d681e668) 
thrown [s\src\hotspot\share\interpreter\linkResolver.cpp, line 773]
Event: 18.862 Thread 0x00000202873d0080 Exception <a 'java/lang/NoSuchMethodError'{0x00000000d67c3dd0}: 'java.lang.Object java.lang.invoke.DirectMethodHandle$Holder.invokeStatic(java.lang.Object, long, java.lang.Object)'> (0x00000000d67c3dd0) 
thrown [s\src\hotspot\share\interpreter\linkResolver.cpp, line 773]
Event: 18.863 Thread 0x00000202873d0080 Exception <a 'java/lang/NoSuchMethodError'{0x00000000d67c79a8}: 'java.lang.Object java.lang.invoke.DirectMethodHandle$Holder.invokeStaticInit(java.lang.Object, long, java.lang.Object)'> (0x00000000d67c79a8) 
thrown [s\src\hotspot\share\interpreter\linkResolver.cpp, line 773]
Event: 18.863 Thread 0x00000202873d0080 Exception <a 'java/lang/NoSuchMethodError'{0x00000000d67cd718}: 'java.lang.Object java.lang.invoke.DirectMethodHandle$Holder.newInvokeSpecial(java.lang.Object, long)'> (0x00000000d67cd718) 
thrown [s\src\hotspot\share\interpreter\linkResolver.cpp, line 773]
Event: 19.755 Thread 0x00000202873d0080 Exception <a 'java/lang/IncompatibleClassChangeError'{0x00000000d65d18d8}: Found class java.lang.Object, but interface was expected> (0x00000000d65d18d8) 
thrown [s\src\hotspot\share\interpreter\linkResolver.cpp, line 840]
Event: 19.784 Thread 0x00000202873d0080 Exception <a 'java/lang/NoSuchMethodError'{0x00000000d65f0460}: 'java.lang.Object java.lang.invoke.DirectMethodHandle$Holder.invokeStatic(java.lang.Object, int, java.lang.Object)'> (0x00000000d65f0460) 
thrown [s\src\hotspot\share\interpreter\linkResolver.cpp, line 773]
Event: 19.785 Thread 0x00000202873d0080 Exception <a 'java/lang/NoSuchMethodError'{0x00000000d65f4030}: 'java.lang.Object java.lang.invoke.DirectMethodHandle$Holder.invokeStaticInit(java.lang.Object, int, java.lang.Object)'> (0x00000000d65f4030) 
thrown [s\src\hotspot\share\interpreter\linkResolver.cpp, line 773]
Event: 20.545 Thread 0x00000202ea2f39b0 Exception <a 'java/lang/NoClassDefFoundError'{0x00000000d6417a20}: jakarta/validation/Validation> (0x00000000d6417a20) 
thrown [s\src\hotspot\share\classfile\systemDictionary.cpp, line 301]

ZGC Phase Switch (0 events):
No events

VM Operations (20 events):
Event: 18.589 Executing VM operation: Cleanup
Event: 18.628 Executing VM operation: Cleanup done
Event: 19.629 Executing VM operation: Cleanup
Event: 19.649 Executing VM operation: Cleanup done
Event: 19.790 Executing VM operation: HandshakeAllThreads (Deoptimize)
Event: 20.540 Executing VM operation: HandshakeAllThreads (Deoptimize) done
Event: 21.544 Executing VM operation: Cleanup
Event: 21.692 Executing VM operation: Cleanup done
Event: 21.902 Executing VM operation: HandshakeAllThreads (Deoptimize)
Event: 21.902 Executing VM operation: HandshakeAllThreads (Deoptimize) done
Event: 22.012 Executing VM operation: HandshakeAllThreads (Deoptimize)
Event: 22.012 Executing VM operation: HandshakeAllThreads (Deoptimize) done
Event: 23.012 Executing VM operation: Cleanup
Event: 23.012 Executing VM operation: Cleanup done
Event: 23.688 Executing VM operation: G1CollectForAllocation (G1 Evacuation Pause)
Event: 24.859 Executing VM operation: G1CollectForAllocation (G1 Evacuation Pause) done
Event: 25.162 Executing VM operation: HandshakeAllThreads (Deoptimize)
Event: 25.171 Executing VM operation: HandshakeAllThreads (Deoptimize) done
Event: 26.172 Executing VM operation: Cleanup
Event: 26.172 Executing VM operation: Cleanup done

Memory protections (0 events):
No events

Nmethod flushes (0 events):
No events

Events (15 events):
Event: 0.146 Thread 0x00000202873d0080 Thread added: 0x00000202873d0080
Event: 1.009 Thread 0x00000202873d0080 Thread added: 0x0000020289616d30
Event: 1.010 Thread 0x00000202873d0080 Thread added: 0x000002028961a0c0
Event: 1.011 Thread 0x00000202873d0080 Thread added: 0x000002028961d3b0
Event: 1.011 Thread 0x00000202873d0080 Thread added: 0x00000202a3a8df70
Event: 1.013 Thread 0x00000202873d0080 Thread added: 0x00000202a3a8e9d0
Event: 1.014 Thread 0x00000202873d0080 Thread added: 0x00000202a3a8f430
Event: 1.014 Thread 0x00000202873d0080 Thread added: 0x00000202a3a901c0
Event: 1.052 Thread 0x00000202873d0080 Thread added: 0x00000202a3a92000
Event: 1.505 Thread 0x00000202873d0080 Thread added: 0x00000202a3b2ec70
Event: 1.525 Thread 0x00000202873d0080 Thread added: 0x00000202a3b2f4a0
Event: 6.094 Thread 0x00000202873d0080 Thread added: 0x00000202e94db370
Event: 19.750 Thread 0x00000202873d0080 Thread added: 0x00000202ea2f39b0
Event: 23.223 Thread 0x00000202873d0080 Thread added: 0x00000202e926cc20
Event: 25.263 Thread 0x00000202e926cc20 Thread exited: 0x00000202e926cc20


Dynamic libraries:
0x00007ff6c79c0000 - 0x00007ff6c79ce000 	C:\Program Files\Amazon Corretto\jdk21.0.4_7\bin\java.exe
0x00007ffc1c810000 - 0x00007ffc1ca10000 	C:\Windows\SYSTEM32\ntdll.dll
0x00007ffc1b3b0000 - 0x00007ffc1b46c000 	C:\Windows\System32\KERNEL32.DLL
0x00007ffc1a100000 - 0x00007ffc1a45f000 	C:\Windows\System32\KERNELBASE.dll
0x00007ffc19ff0000 - 0x00007ffc1a100000 	C:\Windows\System32\ucrtbase.dll
0x00007ffc03e50000 - 0x00007ffc03e68000 	C:\Program Files\Amazon Corretto\jdk21.0.4_7\bin\jli.dll
0x00007ffc1a960000 - 0x00007ffc1ab05000 	C:\Windows\System32\USER32.dll
0x00007ffc19fc0000 - 0x00007ffc19fe6000 	C:\Windows\System32\win32u.dll
0x00007ffc1a870000 - 0x00007ffc1a89b000 	C:\Windows\System32\GDI32.dll
0x00007ffc1a5c0000 - 0x00007ffc1a6d1000 	C:\Windows\System32\gdi32full.dll
0x00007ffc19de0000 - 0x00007ffc19e80000 	C:\Windows\System32\msvcp_win.dll
0x00007ffc03d50000 - 0x00007ffc03d6b000 	C:\Program Files\Amazon Corretto\jdk21.0.4_7\bin\VCRUNTIME140.dll
0x00007ffc154b0000 - 0x00007ffc15755000 	C:\Windows\WinSxS\amd64_microsoft.windows.common-controls_6595b64144ccf1df_6.0.20348.1_none_88d3d41d702dedea\COMCTL32.dll
0x00007ffc1ac30000 - 0x00007ffc1acd3000 	C:\Windows\System32\msvcrt.dll
0x00007ffc1c4e0000 - 0x00007ffc1c511000 	C:\Windows\System32\IMM32.DLL
0x00007ffc0f4b0000 - 0x00007ffc0f4bc000 	C:\Program Files\Amazon Corretto\jdk21.0.4_7\bin\vcruntime140_1.dll
0x00007ffbff5f0000 - 0x00007ffbff67d000 	C:\Program Files\Amazon Corretto\jdk21.0.4_7\bin\msvcp140.dll
0x00007ffbe97e0000 - 0x00007ffbea576000 	C:\Program Files\Amazon Corretto\jdk21.0.4_7\bin\server\jvm.dll
0x00007ffc1b640000 - 0x00007ffc1b6ee000 	C:\Windows\System32\ADVAPI32.dll
0x00007ffc1a8a0000 - 0x00007ffc1a93f000 	C:\Windows\System32\sechost.dll
0x00007ffc1a750000 - 0x00007ffc1a86e000 	C:\Windows\System32\RPCRT4.dll
0x00007ffc1b6f0000 - 0x00007ffc1b761000 	C:\Windows\System32\WS2_32.dll
0x00007ffc19cb0000 - 0x00007ffc19cfd000 	C:\Windows\SYSTEM32\POWRPROF.dll
0x00007ffc0dd70000 - 0x00007ffc0dd97000 	C:\Windows\SYSTEM32\WINMM.dll
0x00007ffc14130000 - 0x00007ffc1413a000 	C:\Windows\SYSTEM32\VERSION.dll
0x00007ffc19c90000 - 0x00007ffc19ca3000 	C:\Windows\SYSTEM32\UMPDC.dll
0x00007ffc187a0000 - 0x00007ffc187b7000 	C:\Windows\SYSTEM32\kernel.appcore.dll
0x00007ffc05db0000 - 0x00007ffc05dba000 	C:\Program Files\Amazon Corretto\jdk21.0.4_7\bin\jimage.dll
0x00007ffc0a7b0000 - 0x00007ffc0a9c2000 	C:\Windows\SYSTEM32\DBGHELP.DLL
0x00007ffc0a780000 - 0x00007ffc0a7b0000 	C:\Windows\SYSTEM32\dbgcore.DLL
0x00007ffc19e80000 - 0x00007ffc19efd000 	C:\Windows\System32\bcryptPrimitives.dll
0x00007ffc00360000 - 0x00007ffc0037f000 	C:\Program Files\Amazon Corretto\jdk21.0.4_7\bin\java.dll
0x00007ffc1bc50000 - 0x00007ffc1c3ab000 	C:\Windows\System32\SHELL32.dll
0x00007ffc0e940000 - 0x00007ffc0f188000 	C:\Windows\SYSTEM32\windows.storage.dll
0x00007ffc1ace0000 - 0x00007ffc1b051000 	C:\Windows\System32\combase.dll
0x00007ffc1b140000 - 0x00007ffc1b22a000 	C:\Windows\System32\SHCORE.dll
0x00007ffc1c460000 - 0x00007ffc1c4bf000 	C:\Windows\System32\shlwapi.dll
0x00007ffc19d10000 - 0x00007ffc19d31000 	C:\Windows\SYSTEM32\profapi.dll
0x00007ffbfffe0000 - 0x00007ffc000b7000 	C:\Program Files\Amazon Corretto\jdk21.0.4_7\bin\jsvml.dll
0x00007ffc03d00000 - 0x00007ffc03d10000 	C:\Program Files\Amazon Corretto\jdk21.0.4_7\bin\net.dll
0x00007ffc10150000 - 0x00007ffc1025a000 	C:\Windows\SYSTEM32\WINHTTP.dll
0x00007ffc192d0000 - 0x00007ffc19338000 	C:\Windows\system32\mswsock.dll
0x00007ffc00340000 - 0x00007ffc00356000 	C:\Program Files\Amazon Corretto\jdk21.0.4_7\bin\nio.dll
0x00007ffc00320000 - 0x00007ffc00338000 	C:\Program Files\Amazon Corretto\jdk21.0.4_7\bin\zip.dll
0x00007ffc19020000 - 0x00007ffc1904d000 	C:\Windows\SYSTEM32\IPHLPAPI.DLL
0x00007ffc1c440000 - 0x00007ffc1c449000 	C:\Windows\System32\NSI.dll
0x00007ffc05e20000 - 0x00007ffc05e29000 	C:\Program Files\Amazon Corretto\jdk21.0.4_7\bin\extnet.dll

dbghelp: loaded successfully - version: 4.0.5 - missing functions: none
symbol engine: initialized successfully - sym options: 0x614 - pdb path: .;C:\Program Files\Amazon Corretto\jdk21.0.4_7\bin;C:\Windows\SYSTEM32;C:\Windows\WinSxS\amd64_microsoft.windows.common-controls_6595b64144ccf1df_6.0.20348.1_none_88d3d41d702dedea;C:\Program Files\Amazon Corretto\jdk21.0.4_7\bin\server

VM Arguments:
jvm_args: -ea -XX:+ShowCodeDetailsInExceptionMessages -Dfile.encoding=UTF-8 
java_command: org.eclipse.jdt.internal.junit.runner.RemoteTestRunner -version 3 -port 50697 -testLoaderClass org.eclipse.jdt.internal.junit5.runner.JUnit5TestLoader -loaderpluginname org.eclipse.jdt.junit5.runtime -testNameFile C:\Users\ADMINI~1\AppData\Local\Temp\testNames4196493191598902989.txt
java_class_path (initial): c:\Users\Administrador\Downloads\discografia\discografia\build\resources\test;c:\Users\Administrador\Downloads\discografia\discografia\build\classes\java\test;c:\Users\Administrador\Downloads\discografia\discografia\build\resources\main;c:\Users\Administrador\Downloads\discografia\discografia\build\classes\java\main;\discografia\bin;c:\Users\Administrador\.gradle\caches\modules-2\files-2.1\org.mongodb\bson-record-codec\5.0.1\7d856a5b4250b22ec011661b4fca260663b452d5\bson-record-codec-5.0.1.jar;c:\Users\Administrador\.gradle\caches\modules-2\files-2.1\org.springframework\spring-jcl\6.1.14\842b2b24a375efd79af436860d22ba4e0082ff4b\spring-jcl-6.1.14.jar;c:\Users\Administrador\.gradle\caches\modules-2\files-2.1\org.springframework.boot\spring-boot-starter-json\3.3.5\a92dd0bc808c9de278bc62bc37db4e409027657a\spring-boot-starter-json-3.3.5.jar;c:\Users\Administrador\.gradle\caches\modules-2\files-2.1\org.springframework\spring-aop\6.1.14\3d5002d4c415c1ff4720f214c804d3d7e7d10111\spring-aop-6.1.14.jar;c:\Users\Administrador\.gradle\caches\modules-2\files-2.1\org.springframework.data\spring-data-commons\3.3.5\fb640c93121dc1e57b63d9315f646cd828f7368d\spring-data-commons-3.3.5.jar;c:\Users\Administrador\.gradle\caches\modules-2\files-2.1\org.apache.logging.log4j\log4j-to-slf4j\2.23.1\425ad1eb8a39904d2830e907a324e956fb456520\log4j-to-slf4j-2.23.1.jar;c:\Users\Administrador\.gradle\caches\modules-2\files-2.1\org.springframework.boot\spring-boot-starter\3.3.5\16b7a9acf1918a8f763e871ada3794e9ffd4a980\spring-boot-starter-3.3.5.jar;c:\Users\Administrador\.gradle\caches\modules-2\files-2.1\org.springframework.boot\spring-boot-autoconfigure\3.3.5\1efbbd46eeef054986796200313f4bb0d53a7268\spring-boot-autoconfigure-3.3.5.jar;c:\Users\Administrador\.gradle\caches\modules-2\files-2.1\org.apache.logging.log4j\log4j-api\2.23.1\9c15c29c526d9c6783049c0a77722693c66706e1\log4j-api-2.23.1.jar;c:\Users\Administrador\.gradle\caches\modules-2\files-2.1\org.apache.tomcat.embed\tomcat-embed-websocket\10.1.31\6f755a475e44ece496ae3402de0c6c2dbea63921\tomcat-embed-websocket-10.1.31.jar;c:\Users\Administrador\.gradle\caches\modules-2\files-2.1\org.slf4j\slf4j-api\2.0.16\172931663a09a1fa515567af5fbef00897d3c04\slf4j-api-2.0.16.jar;c:\Users\Administrador\.gradle\caches\modules-2\files-2.1\org.springframework\spring-context\6.1.14\b3d96fb4310376a608465c3544b7cfb790293787\spring-context-6.1.14.jar;c:\Users\Administrador\.gradle\caches\modules-2\files-2.1\org.springframework\spring-expression\6.1.14\495646d4968fb90aa97bc05a7d298d0c32898a1d\spring-expression-6.1.14.jar;c:\Users\Administrador\.gradle\caches\modules-2\files-2.1\ch.qos.logback\logback-core\1.5.11\727bdb8dc75b6c392f9be56224503948abc248e8\logback-core-1.5.11.jar;c:\Users\Administrador\.gradle\caches\modules-2\files-2.1\org.slf4j\jul-to-slf4j\2.0.16\6d57da3e961daac65bcca0dd3def6cd11e48a24a\jul-to-slf4j-2.0.16.jar;c:\Users\Administrador\.gradle\caches\modules-2\files-2.1\org.springframework.boot\spring-boot\3.3.5\1a0d1dc425d445503bd01c9aa3683aaebc524e3b\spring-boot-3.3.5.jar;c:\Users\Administrador\.gradle\caches\modules-2\files-2.1\org.springframework\spring-webmvc\6.1.14\804478303aac6f91ea566efd4fef3dc06380528a\spring-webmvc-6.1.14.jar;c:\Users\Administrador\.gradle\caches\modules-2\files-2.1\org.springframework\spring-beans\6.1.14\be71b919145e20fb7f38c81467d7d0f1c09ad1bd\spring-beans-6.1.14.jar;c:\Users\Administrador\.gradle\caches\modules-2\files-2.1\org.apache.tomcat.embed\tomcat-embed-core\10.1.31\a91cc0a95157228d9cccb1a9e8fb9c77c048c937\tomcat-embed-core-10.1.31.jar;c:\Users\Administrador\.gradle\caches\modules-2\files-2.1\com.fasterxml.jackson.core\jackson-core\2.17.2\969a35cb35c86512acbadcdbbbfb044c877db814\jackson-core-2.17.2.jar;c:\Users\Administrador\.gradle\caches\modules-2\files-2.1\io.micrometer\micrometer-commons\1.13.6\224f398df08315a8f9cda21fcb4f062d24da4a49\micrometer-commons-1.13.6.jar;c:\Users\Administrador\.gradle\caches\modules-2\files-2.1\org.springframework\spring-web\6.1.14\b45eaad7df4f37ce224acdcb555a6a3dd5c246b2\spring-web-6.1.14.jar;c:\Users\Administrador\.gradle\caches\modules-2\files-2.1\org.springframework.boot\spring-boot-starter-web\3.3.5\51cc6cd5fb15f4eecfadea4ac689ed290e65c2cc\spring-boot-starter-web-3.3.5.jar;c:\Users\Administrador\.gradle\caches\modules-2\files-2.1\org.springframework\spring-core\6.1.14\45d2d808015bf6c5411e457fa09e843042dc3a76\spring-core-6.1.14.jar;c:\Users\Administrador\.gradle\caches\modules-2\files-2.1\org.mongodb\mongodb-driver-core\5.0.1\f9a18eb8015b9e05f0312c9e5752dcdc01dbd784\mongodb-driver-core-5.0.1.jar;c:\Users\Administrador\.gradle\caches\modules-2\files-2.1\com.fasterxml.jackson.datatype\jackson-datatype-jdk8\2.17.2\efd3dd0e1d0db8bc72abbe71c15e697bb83b4b45\jackson-datatype-jdk8-2.17.2.jar;c:\Users\Administrador\.gradle\caches\modules-2\files-2.1\org.springframework.boot\spring-boot-starter-data-mongodb\3.3.5\3d49bb179f91813222ecb968554a7024d5fa296c\spring-boot-starter-data-mongodb-3.3.5.jar;c:\Users\Administrador\.gradle\caches\modules-2\files-2.1\org.springframework.boot\spring-boot-starter-logging\3.3.5\de318d4baa64f02631accf51d708e906b304b4cc\spring-boot-starter-logging-3.3.5.jar;c:\Users\Administrador\.gradle\caches\modules-2\files-2.1\ch.qos.logback\logback-classic\1.5.11\c4473fb51fea6682ad477cf3c2206b8b9623b9d8\logback-classic-1.5.11.jar;c:\Users\Administrador\.gradle\caches\modules-2\files-2.1\org.mongodb\mongodb-driver-sync\5.0.1\3723fc6a032986dc4cb1c4929bafa85ce9f93950\mongodb-driver-sync-5.0.1.jar;c:\Users\Administrador\.gradle\caches\modules-2\files-2.1\org.springframework.boot\spring-boot-starter-tomcat\3.3.5\9fcf404e2efc06612af0c194e6d4f4162c6aac24\spring-boot-starter-tomcat-3.3.5.jar;c:\Users\Administrador\.gradle\caches\modules-2\files-2.1\org.springframework\spring-tx\6.1.14\f6cc1a08472e8ac51298a26bbe0f8b3d47d43175\spring-tx-6.1.14.jar;c:\Users\Administrador\.gradle\caches\modules-2\files-2.1\com.fasterxml.jackson.module\jackson-module-parameter-names\2.17.2\d27b9f95ccce98984c1ba58d61c5a9c072b1ad95\jackson-module-parameter-names-2.17.2.jar;c:\Users\Administrador\.gradle\caches\modules-2\files-2.1\org.yaml\snakeyaml\2.2\3af797a25458550a16bf89acc8e4ab2b7f2bfce0\snakeyaml-2.2.jar;c:\Users\Administrador\.gradle\caches\modules-2\files-2.1\org.apache.tomcat.embed\tomcat-embed-el\10.1.31\ab21108d69bb42160eff7b905f606a1d0c21ae67\tomcat-embed-el-10.1.31.jar;c:\Users\Administrador\.gradle\caches\modules-2\files-2.1\com.fasterxml.jackson.datatype\jackson-datatype-jsr310\2.17.2\267b85e9ba2892a37be6d80aa9ca1438a0d8c210\jackson-datatype-jsr310-2.17.2.jar;c:\Users\Administrador\.gradle\caches\modules-2\files-2.1\io.micrometer\micrometer-observation\1.13.6\8650b5372db17587f1271cd130beafa93d7eb573\micrometer-observation-1.13.6.jar;c:\Users\Administrador\.gradle\caches\modules-2\files-2.1\com.fasterxml.jackson.core\jackson-databind\2.17.2\e6deb029e5901e027c129341fac39e515066b68c\jackson-databind-2.17.2.jar;c:\Users\Administrador\.gradle\caches\modules-2\files-2.1\org.mongodb\bson\5.0.1\757035ed1e9c94fa95ee13b1f9a0af93269ff20\bson-5.0.1.jar;c:\Users\Administrador\.gradle\caches\modules-2\files-2.1\org.springframework.data\spring-data-mongodb\4.3.5\920b29b7dad38eb3d746314b7797a02bae3fd1ef\spring-data-mongodb-4.3.5.jar;c:\Users\Administrador\.gradle\caches\modules-2\files-2.1\jakarta.annotation\jakarta.annotation-api\2.1.1\48b9bda22b091b1f48b13af03fe36db3be6e1ae3\jakarta.annotation-api-2.1.1.jar;c:\Users\Administrador\.gradle\caches\modules-2\files-2.1\com.fasterxml.jackson.core\jackson-annotations\2.17.2\147b7b9412ffff24339f8aba080b292448e08698\jackson-annotations-2.17.2.jar;c:\Users\Administrador\.gradle\caches\modules-2\files-2.1\net.minidev\json-smart\2.5.1\4c11d2808d009132dfbbf947ebf37de6bf266c8e\json-smart-2.5.1.jar;c:\Users\Administrador\.gradle\caches\modules-2\files-2.1\net.minidev\accessors-smart\2.5.1\19b820261eb2e7de7d5bde11d1c06e4501dd7e5f\accessors-smart-2.5.1.jar;c:\Users\Administrador\.gradle\caches\modules-2\files-2.1\jakarta.activation\jakarta.activation-api\2.1.3\fa165bd70cda600368eee31555222776a46b881f\jakarta.activation-api-2.1.3.jar;c:\Users\Administrador\.gradle\caches\modules-2\files-2.1\org.ow2.asm\asm\9.6\aa205cf0a06dbd8e04ece91c0b37c3f5d567546a\asm-9.6.jar;c:\Users\Administrador\.gradle\caches\modules-2\files-2.1\com.vaadin.external.google\android-json\0.0.20131108.vaadin1\fa26d351fe62a6a17f5cda1287c1c6110dec413f\android-json-0.0.20131108.vaadin1.jar;c:\Users\Administrador\.gradle\caches\modules-2\files-2.1\org.assertj\assertj-core\3.25.3\792b270e73aa1cfc28fa135be0b95e69ea451432\assertj-core-3.25.3.jar;c:\Users\Administrador\.gradle\caches\modules-2\files-2.1\org.awaitility\awaitility\4.2.2\7336242073ebf83fe034e42b46a403c5501b63c9\awaitility-4.2.2.jar;c:\Users\Administrador\.gradle\caches\modules-2\files-2.1\org.springframework.boot\spring-boot-test\3.3.5\91db886b7a202ae6f5a597f871b0c832ee1f78b3\spring-boot-test-3.3.5.jar;c:\Users\Administrador\.gradle\caches\modules-2\files-2.1\org.springframework.boot\spring-boot-starter-test\3.3.5\b4b61da11affe88867c452b3b2c5277cb50b209\spring-boot-starter-test-3.3.5.jar;c:\Users\Administrador\.gradle\caches\modules-2\files-2.1\org.springframework.boot\spring-boot-test-autoconfigure\3.3.5\c70d4805d5f0a39476326cf3e0dbfcf57d861c8d\spring-boot-test-autoconfigure-3.3.5.jar;c:\Users\Administrador\.gradle\caches\modules-2\files-2.1\com.jayway.jsonpath\json-path\2.9.0\37fe2217f577b0b68b18e62c4d17a8858ecf9b69\json-path-2.9.0.jar;c:\Users\Administrador\.gradle\caches\modules-2\files-2.1\org.hamcrest\hamcrest\2.2\1820c0968dba3a11a1b30669bb1f01978a91dedc\hamcrest-2.2.jar;c:\Users\Administrador\.gradle\caches\modules-2\files-2.1\org.apiguardian\apiguardian-api\1.1.2\a231e0d844d2721b0fa1b238006d15c6ded6842a\apiguardian-api-1.1.2.jar;c:\Users\Administrador\.gradle\caches\modules-2\files-2.1\org.junit.jupiter\junit-jupiter-params\5.10.5\e19d95e190aedb81c883d50cc05b1860400d957c\junit-jupiter-params-5.10.5.jar;c:\Users\Administrador\.gradle\caches\modules-2\files-2.1\org.junit.jupiter\junit-jupiter-api\5.10.5\a5c09855b0087daaddaa5faa5100ab2555d5e111\junit-jupiter-api-5.10.5.jar;c:\Users\Administrador\.gradle\caches\modules-2\files-2.1\org.junit.jupiter\junit-jupiter\5.10.5\cbf98926c44240c9ca1519a20e58722be6d6a44a\junit-jupiter-5.10.5.jar;c:\Users\Administrador\.gradle\caches\modules-2\files-2.1\net.bytebuddy\byte-buddy\1.14.19\4c0c637b8f47dc08f89240e6f59900011752c97b\byte-buddy-1.14.19.jar;c:\Users\Administrador\.gradle\caches\modules-2\files-2.1\org.objenesis\objenesis\3.3\1049c09f1de4331e8193e579448d0916d75b7631\objenesis-3.3.jar;c:\Users\Administrador\.gradle\caches\modules-2\files-2.1\org.xmlunit\xmlunit-core\2.9.1\e5833662d9a1279a37da3ef6f62a1da29fcd68c4\xmlunit-core-2.9.1.jar;c:\Users\Administrador\.gradle\caches\modules-2\files-2.1\org.mockito\mockito-junit-jupiter\5.11.0\8e658dd339f40305ed4293db25545b5df98b171b\mockito-junit-jupiter-5.11.0.jar;c:\Users\Administrador\.gradle\caches\modules-2\files-2.1\org.springframework\spring-test\6.1.14\8fbac6fc57f6ca7b429fb02b7aa3caea7e1a281d\spring-test-6.1.14.jar;c:\Users\Administrador\.gradle\caches\modules-2\files-2.1\net.bytebuddy\byte-buddy-agent\1.14.19\154da3a65b4f4a909d3e5bdec55d1b2b4cbb6ce1\byte-buddy-agent-1.14.19.jar;c:\Users\Administrador\.gradle\caches\modules-2\files-2.1\org.junit.jupiter\junit-jupiter-engine\5.10.5\e234785788419ffdfc4b65474b2081c0a9f7e77d\junit-jupiter-engine-5.10.5.jar;c:\Users\Administrador\.gradle\caches\modules-2\files-2.1\org.junit.platform\junit-platform-commons\1.10.5\6d1985c5eece30fb9faafe9bf1f5e005ac3d0fcc\junit-platform-commons-1.10.5.jar;c:\Users\Administrador\.gradle\caches\modules-2\files-2.1\jakarta.xml.bind\jakarta.xml.bind-api\4.0.2\6cd5a999b834b63238005b7144136379dc36cad2\jakarta.xml.bind-api-4.0.2.jar;c:\Users\Administrador\.gradle\caches\modules-2\files-2.1\org.junit.platform\junit-platform-launcher\1.10.5\3b16b91a447cf687c968ee23d21827534fdac5a2\junit-platform-launcher-1.10.5.jar;c:\Users\Administrador\.gradle\caches\modules-2\files-2.1\org.opentest4j\opentest4j\1.3.0\152ea56b3a72f655d4fd677fc0ef2596c3dd5e6e\opentest4j-1.3.0.jar;c:\Users\Administrador\.gradle\caches\modules-2\files-2.1\org.skyscreamer\jsonassert\1.5.3\aaa43e0823d2a0e106e8754d6a9c4ab24e05e9bc\jsonassert-1.5.3.jar;c:\Users\Administrador\.gradle\caches\modules-2\files-2.1\org.mockito\mockito-core\5.11.0\e4069fa4f4ff2c94322cfec5f2e45341c6c70aff\mockito-core-5.11.0.jar;c:\Users\Administrador\.gradle\caches\modules-2\files-2.1\org.junit.platform\junit-platform-engine\1.10.5\7db4b98a955a2686d893a8a209591f029c438b44\junit-platform-engine-1.10.5.jar;c:\Users\Administrador\AppData\Roaming\Code\User\globalStorage\redhat.java\1.36.0\config_win\org.eclipse.osgi\114\0\.cp;c:\Users\Administrador\AppData\Roaming\Code\User\globalStorage\redhat.java\1.36.0\config_win\org.eclipse.osgi\56\0\.cp
Launcher Type: SUN_STANDARD

[Global flags]
     intx CICompilerCount                          = 2                                         {product} {ergonomic}
     uint ConcGCThreads                            = 1                                         {product} {ergonomic}
     uint G1ConcRefinementThreads                  = 2                                         {product} {ergonomic}
   size_t G1HeapRegionSize                         = 1048576                                   {product} {ergonomic}
    uintx GCDrainStackTargetSize                   = 64                                        {product} {ergonomic}
   size_t InitialHeapSize                          = 48234496                                  {product} {ergonomic}
   size_t MarkStackSize                            = 4194304                                   {product} {ergonomic}
   size_t MaxHeapSize                              = 740294656                                 {product} {ergonomic}
   size_t MaxNewSize                               = 443547648                                 {product} {ergonomic}
   size_t MinHeapDeltaBytes                        = 1048576                                   {product} {ergonomic}
   size_t MinHeapSize                              = 8388608                                   {product} {ergonomic}
    uintx NonNMethodCodeHeapSize                   = 5826188                                {pd product} {ergonomic}
    uintx NonProfiledCodeHeapSize                  = 122916026                              {pd product} {ergonomic}
    uintx ProfiledCodeHeapSize                     = 122916026                              {pd product} {ergonomic}
    uintx ReservedCodeCacheSize                    = 251658240                              {pd product} {ergonomic}
     bool SegmentedCodeCache                       = true                                      {product} {ergonomic}
     bool ShowCodeDetailsInExceptionMessages       = true                                   {manageable} {command line}
   size_t SoftMaxHeapSize                          = 740294656                              {manageable} {ergonomic}
     bool UseCompressedOops                        = true                           {product lp64_product} {ergonomic}
     bool UseG1GC                                  = true                                      {product} {ergonomic}
     bool UseLargePagesIndividualAllocation        = false                                  {pd product} {ergonomic}

Logging:
Log output configuration:
 #0: stdout all=warning uptime,level,tags foldmultilines=false
 #1: stderr all=off uptime,level,tags foldmultilines=false

Environment Variables:
JAVA_HOME=C:\Program Files\Amazon Corretto\jdk21.0.4_7
PATH=C:\Program Files\Common Files\Oracle\Java\javapath;C:\Program Files\Microsoft MPI\Bin\;C:\Program Files\Amazon Corretto\jdk21.0.4_7\bin;C:\Windows\system32;C:\Windows;C:\Windows\System32\Wbem;C:\Windows\System32\WindowsPowerShell\v1.0\;C:\Windows\System32\OpenSSH\;C:\Program Files\Git\cmd;C:\ProgramData\chocolatey\bin;C:\Program Files\nodejs\;C:\Program Files\Microsoft SQL Server\Client SDK\ODBC\170\Tools\Binn\;C:\Program Files\dotnet\;C:\Program Files (x86)\Microsoft SQL Server\160\Tools\Binn\;C:\Program Files\Microsoft SQL Server\160\Tools\Binn\;C:\Program Files\Microsoft SQL Server\160\DTS\Binn\;C:\Program Files (x86)\Microsoft SQL Server\160\DTS\Binn\;C:\Gradle\gradle-8.5\bin;C:\Users\Administrador\AppData\Local\Microsoft\WindowsApps;C:\Users\Administrador\AppData\Local\Programs\Microsoft VS Code\bin;C:\Users\Administrador\AppData\Roaming\npm;C:\Users\Administrador\.dotnet\tools
USERNAME=Administrador
OS=Windows_NT
PROCESSOR_IDENTIFIER=Intel64 Family 6 Model 61 Stepping 4, GenuineIntel
TMP=C:\Users\ADMINI~1\AppData\Local\Temp
TEMP=C:\Users\ADMINI~1\AppData\Local\Temp




Periodic native trim disabled

---------------  S Y S T E M  ---------------

OS:
 Windows Server 2022 , 64 bit Build 20348 (10.0.20348.469)
OS uptime: 0 days 0:47 hours

CPU: total 2 (initial active 2) (2 cores per cpu, 1 threads per core) family 6 model 61 stepping 4 microcode 0x0, cx8, cmov, fxsr, mmx, 3dnowpref, sse, sse2, sse3, ssse3, sse4.1, sse4.2, popcnt, lzcnt, tsc, tscinvbit, avx, avx2, aes, clmul, vzeroupper, clflush, rdtscp
Processor Information for all 2 processors :
  Max Mhz: 2195, Current Mhz: 2195, Mhz Limit: 2195

Memory: 4k page, system-wide physical 2820M (25M free)
TotalPageFile size 7377M (AvailPageFile size 5M)
current process WorkingSet (physical memory assigned to process): 128M, peak: 130M
current process commit charge ("private bytes"): 166M, peak: 168M

vm_info: OpenJDK 64-Bit Server VM (21.0.4+7-LTS) for windows-amd64 JRE (21.0.4+7-LTS), built on 2024-07-10T17:34:29Z by "Administrator" with MS VC++ 16.10 / 16.11 (VS2019)

END.
